,number,value,datetime_start,datetime_complete,params_learning_rate,params_max_depth,params_n_estimators,state
190,190,0.9348693381935849,2020-06-22 02:19:14.185340,2020-06-22 02:42:25.441464,0.17967035542588097,15,84,COMPLETE
191,191,0.9347154974961918,2020-06-22 02:42:25.457084,2020-06-22 03:19:46.225278,0.17722795464947744,20,98,COMPLETE
192,192,0.9356543022571359,2020-06-22 03:19:46.238926,2020-06-22 03:50:33.233539,0.1837665187257559,18,91,COMPLETE
193,193,0.9341710158855016,2020-06-22 03:50:33.247068,2020-06-22 04:28:43.115654,0.1745827138048434,20,100,COMPLETE
194,194,0.935917977531728,2020-06-22 04:28:43.129449,2020-06-22 04:59:44.123280,0.190554583340792,19,86,COMPLETE
195,195,0.9364502151397771,2020-06-22 04:59:44.137179,2020-06-22 05:31:00.259042,0.19254223976829735,19,87,COMPLETE
196,196,0.9351768765157695,2020-06-22 05:31:00.272785,2020-06-22 06:00:39.686294,0.1911761307612362,19,82,COMPLETE
197,197,0.9330200645769482,2020-06-22 06:00:39.700159,2020-06-22 06:31:43.685765,0.18632347595261625,19,86,COMPLETE
198,198,0.9358873901155356,2020-06-22 06:31:43.699795,2020-06-22 07:02:00.646644,0.1998838483502053,19,84,COMPLETE
199,199,0.9340264974976226,2020-06-22 07:02:00.671958,2020-06-22 07:32:17.298923,0.19981165835168962,19,84,COMPLETE
