,number,value,datetime_start,datetime_complete,params_learning_rate,params_max_depth,params_n_estimators,state
0,0,0.9189317807998225,2020-06-18 23:56:56.390064,2020-06-19 00:06:41.168149,0.144721391036864,19,25,COMPLETE
1,1,0.8973406116624802,2020-06-19 00:06:41.168913,2020-06-19 00:10:50.384232,0.1045316534024164,11,19,COMPLETE
2,2,0.9053064197203444,2020-06-19 00:10:50.385013,2020-06-19 00:19:33.565146,0.07552339696182728,19,22,COMPLETE
3,3,0.9325479551122514,2020-06-19 00:19:33.565895,2020-06-19 00:38:10.492861,0.12082078216525982,15,66,COMPLETE
4,4,0.934670843784222,2020-06-19 00:38:10.493918,2020-06-19 01:05:45.380719,0.1511249146114717,19,75,COMPLETE
5,5,0.9289406430179705,2020-06-19 01:05:45.381670,2020-06-19 01:17:24.800721,0.18443684721553377,14,44,COMPLETE
6,6,0.9311884039505809,2020-06-19 01:17:24.801712,2020-06-19 01:53:48.780297,0.08823594773632995,20,92,COMPLETE
7,7,0.9296366008630592,2020-06-19 01:53:48.781562,2020-06-19 02:08:15.926161,0.13458397440051834,14,55,COMPLETE
8,8,0.9262157500193335,2020-06-19 02:08:15.927323,2020-06-19 02:38:15.817121,0.052023291259274435,17,91,COMPLETE
9,9,0.9269293735656501,2020-06-19 02:38:15.818336,2020-06-19 02:46:54.418853,0.17643519241868172,11,42,COMPLETE
10,10,0.9353037292024208,2020-06-19 02:46:54.420186,2020-06-19 03:11:03.101494,0.16441372618041952,17,75,COMPLETE
11,11,0.9335256078495954,2020-06-19 03:11:03.102840,2020-06-19 03:34:58.160673,0.1584222240209487,17,74,COMPLETE
12,12,0.9353376675295448,2020-06-19 03:34:58.162104,2020-06-19 04:00:45.385963,0.1971171064838653,17,81,COMPLETE
13,13,0.9353729763415899,2020-06-19 04:00:45.387423,2020-06-19 04:32:14.920979,0.1911059732420907,17,100,COMPLETE
14,14,0.934482010540535,2020-06-19 04:32:14.922528,2020-06-19 05:01:06.112395,0.19339530143865846,16,98,COMPLETE
15,15,0.9361641602982417,2020-06-19 05:01:06.127175,2020-06-19 05:29:53.202852,0.19812615366531758,18,85,COMPLETE
16,16,0.935827118899582,2020-06-19 05:29:53.206944,2020-06-19 06:08:08.099058,0.17473619168347865,20,100,COMPLETE
17,17,0.935346191644545,2020-06-19 06:08:08.100879,2020-06-19 06:41:21.168601,0.1671055019663228,20,86,COMPLETE
18,18,0.9327154780684385,2020-06-19 06:41:21.170451,2020-06-19 07:06:09.654722,0.17682595920550667,20,64,COMPLETE
19,19,0.9346672368486347,2020-06-19 07:06:09.656705,2020-06-19 07:39:28.564825,0.198931091739179,18,99,COMPLETE
20,20,0.9310132755560987,2020-06-19 07:39:28.566832,2020-06-19 08:09:09.084072,0.12793562628455207,18,87,COMPLETE
21,21,0.9316711384384799,2020-06-19 08:09:09.086075,2020-06-19 08:42:46.507079,0.1858846502858095,18,100,COMPLETE
22,22,0.9357622844206512,2020-06-19 08:42:46.509130,2020-06-19 09:09:54.774091,0.19989378463891924,15,99,COMPLETE
23,23,0.9322433158927833,2020-06-19 09:09:54.776210,2020-06-19 09:32:06.310925,0.17317066431978895,13,94,COMPLETE
24,24,0.937456384505659,2020-06-19 09:32:06.313102,2020-06-19 09:50:14.308691,0.18501904534368527,12,83,COMPLETE
25,25,0.932377608354717,2020-06-19 09:50:14.324957,2020-06-19 10:08:14.060687,0.15145312699381377,12,82,COMPLETE
26,26,0.9314524256114716,2020-06-19 10:08:14.063010,2020-06-19 10:20:30.440310,0.1831877101498747,10,67,COMPLETE
27,27,0.9281095041547907,2020-06-19 10:20:30.444460,2020-06-19 10:30:52.551051,0.16174162750262272,10,56,COMPLETE
28,28,0.932335725733136,2020-06-19 10:30:52.554835,2020-06-19 10:50:10.667850,0.1401469994719553,13,81,COMPLETE
29,29,0.9281680208488409,2020-06-19 10:50:10.670572,2020-06-19 11:06:38.519088,0.11240805160311802,19,43,COMPLETE
30,30,0.9343173264459688,2020-06-19 11:06:38.521674,2020-06-19 11:32:41.575500,0.19914769529881113,16,88,COMPLETE
31,31,0.9346461524652426,2020-06-19 11:32:41.578286,2020-06-19 11:58:17.752913,0.19901766121797818,15,93,COMPLETE
32,32,0.9344349170642016,2020-06-19 11:58:17.756182,2020-06-19 12:20:03.355106,0.18834943723243375,12,100,COMPLETE
33,33,0.9338276416416873,2020-06-19 12:20:03.358016,2020-06-19 12:41:52.868017,0.17429885783240412,14,85,COMPLETE
34,34,0.9339128526711391,2020-06-19 12:41:52.871053,2020-06-19 13:09:59.394363,0.18385515160561552,16,95,COMPLETE
35,35,0.9347262731221324,2020-06-19 13:09:59.397350,2020-06-19 13:38:05.169958,0.15295320917217436,19,77,COMPLETE
36,36,0.9317422831721546,2020-06-19 13:38:05.173093,2020-06-19 13:57:50.383090,0.17081773195073327,15,71,COMPLETE
37,37,0.9256237231240941,2020-06-19 13:57:50.386184,2020-06-19 14:05:07.759267,0.19893235419475921,11,35,COMPLETE
38,38,0.9330563146561088,2020-06-19 14:05:07.762583,2020-06-19 14:19:58.234732,0.18090565323098098,13,62,COMPLETE
39,39,0.9304364369470386,2020-06-19 14:19:58.238139,2020-06-19 14:55:22.038457,0.08272718849806734,20,89,COMPLETE
40,40,0.9325287080822691,2020-06-19 14:55:22.056070,2020-06-19 15:30:26.393191,0.09966426531029879,19,95,COMPLETE
41,41,0.9343919877535878,2020-06-19 15:30:26.399453,2020-06-19 15:59:50.331624,0.19130685682244727,16,100,COMPLETE
42,42,0.9350170870102051,2020-06-19 15:59:50.335149,2020-06-19 16:32:29.510444,0.1902332815559352,18,97,COMPLETE
43,43,0.9267561427656732,2020-06-19 16:32:29.513876,2020-06-19 16:58:16.749202,0.05736772418962896,15,91,COMPLETE
44,44,0.9345694655507906,2020-06-19 16:58:16.753307,2020-06-19 17:23:25.045284,0.19251707364801476,17,79,COMPLETE
45,45,0.9352752426944306,2020-06-19 17:23:25.048813,2020-06-19 17:51:53.801345,0.17974350525597982,18,84,COMPLETE
46,46,0.9337217227356899,2020-06-19 17:51:53.805207,2020-06-19 18:10:12.403568,0.1666354020366029,14,71,COMPLETE
47,47,0.9142601365620452,2020-06-19 18:10:12.407365,2020-06-19 18:15:09.112277,0.19342025751129666,17,14,COMPLETE
48,48,0.9356522239393443,2020-06-19 18:15:09.116347,2020-06-19 18:42:23.045743,0.15720267884266714,16,91,COMPLETE
49,49,0.9303873479844196,2020-06-19 18:42:23.049522,2020-06-19 19:09:46.537184,0.1435415114794713,16,92,COMPLETE
50,50,0.9369957133189523,2020-06-19 19:09:46.541258,2020-06-19 19:31:28.084097,0.15680520532246867,14,84,COMPLETE
51,51,0.9337812559982247,2020-06-19 19:31:28.088130,2020-06-19 19:54:21.565424,0.1585512632048044,14,89,COMPLETE
52,52,0.9328312915743566,2020-06-19 19:54:21.569738,2020-06-19 20:17:45.150794,0.13409923672031976,15,84,COMPLETE
53,53,0.9319896557003023,2020-06-19 20:17:45.170752,2020-06-19 20:34:54.770545,0.15530120124128138,12,78,COMPLETE
54,54,0.932501448986598,2020-06-19 20:34:54.774792,2020-06-19 20:59:17.470709,0.14720889030808257,14,95,COMPLETE
55,55,0.9328524738495286,2020-06-19 20:59:17.477143,2020-06-19 21:16:29.881789,0.1703835789384572,13,72,COMPLETE
56,56,0.9350203927403156,2020-06-19 21:16:29.886392,2020-06-19 21:42:59.715009,0.1628825451926762,16,89,COMPLETE
57,57,0.9338643661194741,2020-06-19 21:42:59.719442,2020-06-19 22:02:21.274350,0.17671927665000103,11,97,COMPLETE
58,58,0.9338337787032817,2020-06-19 22:02:21.278821,2020-06-19 22:25:15.334865,0.12038417221347272,15,82,COMPLETE
59,59,0.9317985860059483,2020-06-19 22:25:15.340144,2020-06-19 22:41:44.718471,0.16798636433381145,12,75,COMPLETE
60,60,0.9347091571209003,2020-06-19 22:41:44.723084,2020-06-19 23:16:34.049513,0.18636027007518563,20,91,COMPLETE
61,61,0.9335850130998027,2020-06-19 23:16:34.054177,2020-06-19 23:48:10.924120,0.19488622553875434,17,100,COMPLETE
62,62,0.9351000841794008,2020-06-19 23:48:10.928858,2020-06-20 00:13:40.061983,0.18037343770086167,16,86,COMPLETE
63,63,0.9341112943695433,2020-06-20 00:13:40.066817,2020-06-20 00:44:25.182898,0.18598724744392384,17,97,COMPLETE
64,64,0.933707701620734,2020-06-20 00:44:25.187782,2020-06-20 01:15:33.210151,0.1758006433387105,18,92,COMPLETE
65,65,0.9303187333767522,2020-06-20 01:15:33.232692,2020-06-20 01:30:44.721702,0.1998489424147593,16,50,COMPLETE
66,66,0.9327585128009692,2020-06-20 01:30:44.726745,2020-06-20 01:52:57.801087,0.16114476501950525,15,80,COMPLETE
67,67,0.9344386369518427,2020-06-20 01:52:57.807048,2020-06-20 02:19:19.688861,0.18956172149254438,17,83,COMPLETE
68,68,0.9330639728053622,2020-06-20 02:19:19.694242,2020-06-20 02:40:01.742390,0.14933991277158767,13,87,COMPLETE
69,69,0.9329205011065159,2020-06-20 02:40:01.747608,2020-06-20 03:03:02.367579,0.19567176373199924,18,67,COMPLETE
70,70,0.9359407486657915,2020-06-20 03:03:02.372866,2020-06-20 03:32:35.927824,0.182594446885404,16,100,COMPLETE
71,71,0.9353121027146821,2020-06-20 03:32:35.933406,2020-06-20 04:02:08.156779,0.18060341467321134,16,100,COMPLETE
72,72,0.9342013623373123,2020-06-20 04:02:08.162212,2020-06-20 04:32:10.639087,0.18444921064068495,17,95,COMPLETE
73,73,0.9342605943943703,2020-06-20 04:32:10.644581,2020-06-20 04:59:10.009557,0.17118465377600156,15,98,COMPLETE
74,74,0.9334127762779001,2020-06-20 04:59:10.015204,2020-06-20 05:26:53.301179,0.13758888556700352,16,93,COMPLETE
75,75,0.935532690545785,2020-06-20 05:26:53.306769,2020-06-20 05:49:54.190030,0.1998050434664211,14,90,COMPLETE
76,76,0.9360097924912637,2020-06-20 05:49:54.195617,2020-06-20 06:12:38.173645,0.19731688178639223,14,89,COMPLETE
77,77,0.933515909033235,2020-06-20 06:12:38.191687,2020-06-20 06:34:47.395003,0.15464164526277174,14,86,COMPLETE
78,78,0.9344270104204293,2020-06-20 06:34:47.403140,2020-06-20 06:56:08.403213,0.1890469816669342,15,77,COMPLETE
79,79,0.9240123867740376,2020-06-20 06:56:08.409262,2020-06-20 07:04:04.818473,0.19541145271015264,13,32,COMPLETE
80,80,0.933327580308722,2020-06-20 07:04:04.824426,2020-06-20 07:28:06.527753,0.17814398517948785,14,94,COMPLETE
81,81,0.9356705824131695,2020-06-20 07:28:06.533881,2020-06-20 07:51:04.670941,0.19931081302582962,14,90,COMPLETE
82,82,0.9359332863000981,2020-06-20 07:51:04.677084,2020-06-20 08:13:35.268278,0.18332549940862966,14,88,COMPLETE
83,83,0.933175780278436,2020-06-20 08:13:35.274557,2020-06-20 08:35:53.801341,0.1831846786132247,14,87,COMPLETE
84,84,0.9339851118650786,2020-06-20 08:35:53.807565,2020-06-20 08:56:41.852687,0.19641218056728552,14,81,COMPLETE
85,85,0.9345126130170012,2020-06-20 08:56:41.859118,2020-06-20 09:16:36.455444,0.18818516184715417,13,84,COMPLETE
86,86,0.9349437434765484,2020-06-20 09:16:36.462260,2020-06-20 09:39:35.640930,0.17425223065074807,13,97,COMPLETE
87,87,0.9365999519125456,2020-06-20 09:39:35.647403,2020-06-20 10:02:08.159507,0.19219679723496436,14,88,COMPLETE
88,88,0.9332425575326934,2020-06-20 10:02:08.166004,2020-06-20 10:22:58.097500,0.19225529460392599,15,75,COMPLETE
89,89,0.9323386775468109,2020-06-20 10:22:58.104150,2020-06-20 10:41:45.574490,0.18205699585300147,13,79,COMPLETE
90,90,0.9339900516349019,2020-06-20 10:41:45.594306,2020-06-20 11:00:19.848789,0.18643845860165978,12,85,COMPLETE
91,91,0.9337154124809459,2020-06-20 11:00:19.855803,2020-06-20 11:23:09.808055,0.1994258603572573,14,89,COMPLETE
92,92,0.935389301678445,2020-06-20 11:23:09.818567,2020-06-20 11:54:51.988404,0.19197533180887003,19,88,COMPLETE
93,93,0.9338016927898412,2020-06-20 11:54:51.995311,2020-06-20 12:15:53.783875,0.19690596335735733,14,82,COMPLETE
94,94,0.9338519188031359,2020-06-20 12:15:53.791799,2020-06-20 12:39:58.931670,0.1782997284563897,14,94,COMPLETE
95,95,0.9326849960741631,2020-06-20 12:39:58.938837,2020-06-20 13:06:29.869905,0.18999214327857186,15,96,COMPLETE
96,96,0.9338378148566739,2020-06-20 13:06:29.876873,2020-06-20 13:29:48.076152,0.16702436856361863,14,91,COMPLETE
97,97,0.9358824352854385,2020-06-20 13:29:48.083796,2020-06-20 13:53:11.558794,0.17334825918186533,13,99,COMPLETE
98,98,0.9346460922241471,2020-06-20 13:53:11.565911,2020-06-20 14:14:44.298690,0.17111311395440545,12,99,COMPLETE
99,99,0.9329999214606719,2020-06-20 14:14:44.306869,2020-06-20 14:36:47.020907,0.17443405827225547,13,93,COMPLETE
100,100,0.934787779280542,2020-06-20 14:36:47.028346,2020-06-20 14:59:54.106590,0.1830690910691855,13,98,COMPLETE
101,101,0.9358539713678592,2020-06-20 14:59:54.114035,2020-06-20 15:22:26.067188,0.1942195149896254,14,88,COMPLETE
102,102,0.9342314075836461,2020-06-20 15:22:26.074677,2020-06-20 15:41:00.089852,0.1865152633324151,12,85,COMPLETE
103,103,0.9334548471529042,2020-06-20 15:41:00.097897,2020-06-20 16:01:50.010041,0.1937932725600064,13,88,COMPLETE
104,104,0.934966687803761,2020-06-20 16:01:50.017662,2020-06-20 16:24:36.458271,0.1780310641707426,15,82,COMPLETE
105,105,0.9348097974009129,2020-06-20 16:24:36.467463,2020-06-20 16:48:28.132693,0.16473186699928127,14,93,COMPLETE
106,106,0.9321401454867635,2020-06-20 16:48:28.140723,2020-06-20 17:13:57.008517,0.190436173328711,14,100,COMPLETE
107,107,0.9343106095638312,2020-06-20 17:13:57.016345,2020-06-20 17:31:20.329986,0.18466786806651175,11,87,COMPLETE
108,108,0.9309668372016777,2020-06-20 17:31:20.338451,2020-06-20 18:01:50.041507,0.16904099057721744,19,84,COMPLETE
109,109,0.934855234247123,2020-06-20 18:01:50.049355,2020-06-20 18:38:34.013849,0.18074156076545592,20,96,COMPLETE
110,110,0.9351458598817723,2020-06-20 18:38:34.022832,2020-06-20 18:57:33.753042,0.17229308125647408,13,80,COMPLETE
111,111,0.9362240474772122,2020-06-20 18:57:33.762085,2020-06-20 19:20:33.864520,0.19772262078548872,14,90,COMPLETE
112,112,0.936062398027827,2020-06-20 19:20:33.872805,2020-06-20 19:45:21.552730,0.19575015029560158,15,90,COMPLETE
113,113,0.9356365236038544,2020-06-20 19:45:21.560998,2020-06-20 20:08:34.397169,0.19503461445308173,14,91,COMPLETE
114,114,0.9347404523699637,2020-06-20 20:08:34.405467,2020-06-20 20:29:56.115254,0.18808429197245874,15,77,COMPLETE
115,115,0.9356797315295342,2020-06-20 20:29:56.123831,2020-06-20 20:52:41.982264,0.19257079839161423,14,89,COMPLETE
116,116,0.93494253865464,2020-06-20 20:52:42.530359,2020-06-20 21:16:23.412099,0.19673191026155806,15,86,COMPLETE
117,117,0.9340431842810502,2020-06-20 21:16:23.423635,2020-06-20 21:37:40.645934,0.18429991157072184,14,83,COMPLETE
118,118,0.933588732987444,2020-06-20 21:37:40.654641,2020-06-20 21:59:29.706711,0.17642086247364513,13,92,COMPLETE
119,119,0.9342375371151036,2020-06-20 21:59:29.715412,2020-06-20 22:18:39.743207,0.1880872813727519,12,88,COMPLETE
120,120,0.9367370004045943,2020-06-20 22:18:39.751841,2020-06-20 22:43:02.463913,0.1809160608962119,14,95,COMPLETE
121,121,0.9355702885194553,2020-06-20 22:43:02.472859,2020-06-20 23:07:19.824229,0.17996791032915613,14,95,COMPLETE
122,122,0.9320351226670601,2020-06-20 23:07:19.832979,2020-06-20 23:30:17.109244,0.19347810455496522,14,90,COMPLETE
123,123,0.9337416022971737,2020-06-20 23:30:17.118068,2020-06-20 23:53:59.598052,0.1977293512208583,14,93,COMPLETE
124,124,0.9359309218371035,2020-06-20 23:53:59.606926,2020-06-21 00:17:42.128588,0.1826250305766093,15,86,COMPLETE
125,125,0.9343394273978459,2020-06-21 00:17:42.137596,2020-06-21 00:41:39.628489,0.1862003849738467,15,87,COMPLETE
126,126,0.9360563061470539,2020-06-21 00:41:39.637485,2020-06-21 01:05:28.844350,0.18210580920859554,15,86,COMPLETE
127,127,0.9340250968921545,2020-06-21 01:05:28.853529,2020-06-21 01:28:57.096228,0.18160433348940028,15,85,COMPLETE
128,128,0.9350693762810176,2020-06-21 01:28:57.366378,2020-06-21 01:51:55.422520,0.19062503244530993,15,83,COMPLETE
129,129,0.9336190643789809,2020-06-21 01:51:55.434206,2020-06-21 02:16:44.160795,0.17501994954852576,15,90,COMPLETE
130,130,0.9327603200338315,2020-06-21 02:16:44.170111,2020-06-21 02:40:32.802303,0.18332397196949513,16,80,COMPLETE
131,131,0.935347004899333,2020-06-21 02:40:32.812477,2020-06-21 03:02:49.308313,0.18881567394797233,14,87,COMPLETE
132,132,0.931636251314103,2020-06-21 03:02:49.318424,2020-06-21 03:24:35.321931,0.17802454632621306,14,85,COMPLETE
133,133,0.9344872590459723,2020-06-21 03:24:35.331503,2020-06-21 03:49:52.521025,0.19990683043024698,15,92,COMPLETE
134,134,0.9358044757778462,2020-06-21 03:49:52.530725,2020-06-21 04:11:06.622644,0.194893141217452,13,90,COMPLETE
135,135,0.9346965441415497,2020-06-21 04:11:06.632914,2020-06-21 04:34:49.354550,0.1855689866333171,15,86,COMPLETE
136,136,0.931023591843687,2020-06-21 04:34:49.364390,2020-06-21 04:57:38.416452,0.10141194550265983,14,88,COMPLETE
137,137,0.9329632120431588,2020-06-21 04:57:38.426803,2020-06-21 05:20:33.394345,0.19146657725647975,15,83,COMPLETE
138,138,0.9340020622032984,2020-06-21 05:20:33.405356,2020-06-21 05:44:56.303406,0.12693907843069527,14,95,COMPLETE
139,139,0.9307948036934718,2020-06-21 05:44:56.313341,2020-06-21 05:59:35.262733,0.181731183845807,13,61,COMPLETE
140,140,0.9324783013456882,2020-06-21 05:59:35.272656,2020-06-21 06:19:38.795587,0.18874198136955678,14,78,COMPLETE
141,141,0.9347338484398799,2020-06-21 06:19:38.820007,2020-06-21 06:48:23.327898,0.17653627234481112,16,97,COMPLETE
142,142,0.9349914920747944,2020-06-21 06:48:23.340693,2020-06-21 07:11:13.503546,0.1730363975104295,14,89,COMPLETE
143,143,0.9329330237242234,2020-06-21 07:11:13.513720,2020-06-21 07:29:09.855364,0.18007457927472945,10,99,COMPLETE
144,144,0.9349048201987792,2020-06-21 07:29:09.865916,2020-06-21 07:55:05.031380,0.1595857896314472,15,94,COMPLETE
145,145,0.9344502258325715,2020-06-21 07:55:05.042413,2020-06-21 08:16:50.268536,0.1844614711746671,13,92,COMPLETE
146,146,0.9266164210750161,2020-06-21 08:16:50.279945,2020-06-21 08:38:52.417090,0.06196216480219362,14,84,COMPLETE
147,147,0.9337350887287329,2020-06-21 08:38:52.427630,2020-06-21 08:59:39.465531,0.1927830885687856,14,81,COMPLETE
148,148,0.9335267750208189,2020-06-21 08:59:39.476002,2020-06-21 09:28:45.775875,0.1870501913320049,18,86,COMPLETE
149,149,0.9363448760543227,2020-06-21 09:28:45.786903,2020-06-21 09:53:46.461640,0.19763264455921098,15,91,COMPLETE
150,150,0.9336880705537685,2020-06-21 09:53:46.473443,2020-06-21 10:18:18.431760,0.19937380105806418,15,89,COMPLETE
151,151,0.9332108330658251,2020-06-21 10:18:18.442499,2020-06-21 10:44:42.136535,0.1958203500479896,15,96,COMPLETE
152,152,0.9328995522655885,2020-06-21 10:44:42.147395,2020-06-21 11:09:59.265143,0.197921882664625,15,92,COMPLETE
153,153,0.9339371599531354,2020-06-21 11:09:59.315341,2020-06-21 11:35:58.749248,0.19082984777819267,16,88,COMPLETE
154,154,0.9350602949358852,2020-06-21 11:35:58.762079,2020-06-21 11:59:10.954822,0.19999806297086684,14,91,COMPLETE
155,155,0.9344021534384372,2020-06-21 11:59:10.965890,2020-06-21 12:26:03.025281,0.18292777900930943,15,98,COMPLETE
156,156,0.9352647833342408,2020-06-21 12:26:03.036502,2020-06-21 12:50:08.247646,0.16992189681472142,14,94,COMPLETE
157,157,0.9345676658480656,2020-06-21 12:50:08.258988,2020-06-21 13:10:31.190019,0.19471318239041097,13,86,COMPLETE
158,158,0.9325461554095261,2020-06-21 13:10:31.201769,2020-06-21 13:37:08.806453,0.17906767873114823,16,90,COMPLETE
159,159,0.9345625980659144,2020-06-21 13:37:08.818446,2020-06-21 13:58:17.709055,0.1644412718951868,14,82,COMPLETE
160,160,0.9361358771039485,2020-06-21 13:58:17.720976,2020-06-21 14:25:51.360667,0.1754218086993727,15,100,COMPLETE
161,161,0.9350046773445513,2020-06-21 14:25:51.372099,2020-06-21 14:53:20.474329,0.1737663179672343,15,100,COMPLETE
162,162,0.9354470427683916,2020-06-21 14:53:20.485615,2020-06-21 15:20:52.062718,0.17681692528443776,15,100,COMPLETE
163,163,0.9352838647012106,2020-06-21 15:20:52.074223,2020-06-21 15:47:31.370732,0.12060171681265641,15,96,COMPLETE
164,164,0.9338530709140855,2020-06-21 15:47:31.382395,2020-06-21 16:10:04.397209,0.18722458434510378,14,88,COMPLETE
165,165,0.9342675748313004,2020-06-21 16:10:04.429598,2020-06-21 16:26:54.393564,0.1669066907154251,11,84,COMPLETE
166,166,0.9336088685735835,2020-06-21 16:26:54.405280,2020-06-21 16:53:51.608153,0.1815294466300769,15,98,COMPLETE
167,167,0.933083362907946,2020-06-21 16:53:51.621322,2020-06-21 17:17:34.880974,0.19119556295774973,14,93,COMPLETE
168,168,0.9328040249485484,2020-06-21 17:17:34.892904,2020-06-21 17:37:22.848749,0.1725888308867911,12,91,COMPLETE
169,169,0.9337299230548017,2020-06-21 17:37:22.860775,2020-06-21 18:01:25.227136,0.1850723370591677,15,87,COMPLETE
170,170,0.933581842912157,2020-06-21 18:01:25.239084,2020-06-21 18:23:12.618686,0.17892302960299503,14,85,COMPLETE
171,171,0.9338784926563468,2020-06-21 18:23:12.631011,2020-06-21 18:44:29.069800,0.195124511958912,13,90,COMPLETE
172,172,0.934458599344833,2020-06-21 18:44:29.082721,2020-06-21 19:05:33.859185,0.19682933953884774,13,89,COMPLETE
173,173,0.9302445464677597,2020-06-21 19:05:33.871564,2020-06-21 19:26:06.359174,0.11385115678008693,12,94,COMPLETE
174,174,0.9341871153182488,2020-06-21 19:26:06.371455,2020-06-21 20:00:31.379273,0.1938542876320293,20,90,COMPLETE
175,175,0.9350732768919452,2020-06-21 20:00:31.391614,2020-06-21 20:20:52.878746,0.18978169934433092,13,86,COMPLETE
176,176,0.9359978948749209,2020-06-21 20:20:52.891331,2020-06-21 20:44:22.567652,0.19949153406287554,14,92,COMPLETE
177,177,0.9350158219472015,2020-06-21 20:44:22.580100,2020-06-21 21:08:52.697910,0.19773124914939166,14,96,COMPLETE
178,178,0.9345186446566789,2020-06-21 21:08:52.721669,2020-06-21 21:32:22.635788,0.1997853301458669,14,92,COMPLETE
179,179,0.9339792157678659,2020-06-21 21:32:22.650915,2020-06-21 21:54:58.186284,0.17594712737015872,14,88,COMPLETE
180,180,0.9373435830545113,2020-06-21 21:54:58.199079,2020-06-21 22:22:26.105763,0.18349457691621915,15,100,COMPLETE
181,181,0.9345384263263827,2020-06-21 22:22:26.119676,2020-06-21 22:49:37.510270,0.1826717666120599,15,99,COMPLETE
182,182,0.9345014533540773,2020-06-21 22:49:37.523937,2020-06-21 23:16:17.677473,0.18594178167292014,15,97,COMPLETE
183,183,0.932043857625894,2020-06-21 23:16:17.692204,2020-06-21 23:30:14.300219,0.1808810889680393,15,49,COMPLETE
184,184,0.9335970688490208,2020-06-21 23:30:14.313315,2020-06-21 23:59:44.170102,0.18850394634456713,16,100,COMPLETE
185,185,0.9331488976896111,2020-06-21 23:59:44.184203,2020-06-22 00:23:59.977590,0.19267650161326308,14,95,COMPLETE
186,186,0.936909440540194,2020-06-22 00:23:59.990697,2020-06-22 00:57:31.826644,0.1837603641770495,19,93,COMPLETE
187,187,0.9349718911283768,2020-06-22 00:57:31.840097,2020-06-22 01:30:42.885387,0.18423834723000912,19,92,COMPLETE
188,188,0.9356867722075599,2020-06-22 01:30:42.898737,2020-06-22 01:56:44.406278,0.1321699605306579,15,94,COMPLETE
189,189,0.9343238400144097,2020-06-22 01:56:44.549425,2020-06-22 02:19:14.171843,0.18818291736853485,14,88,COMPLETE
