,number,value,datetime_start,datetime_complete,params_learning_rate,params_max_depth,params_n_estimators,state
190,190,0.943288429090068,2020-06-21 23:08:44.016622,2020-06-21 23:35:57.927680,0.1655182387362703,16,100,COMPLETE
191,191,0.941701093815652,2020-06-21 23:35:57.940968,2020-06-22 00:00:27.389465,0.17162610079231103,15,97,COMPLETE
192,192,0.942214376029748,2020-06-22 00:00:27.402825,2020-06-22 00:25:16.495247,0.1626292733849119,15,98,COMPLETE
193,193,0.9419770432021292,2020-06-22 00:25:16.508707,2020-06-22 00:49:19.324252,0.16828294287775258,15,95,COMPLETE
194,194,0.9418822476628546,2020-06-22 00:49:19.339574,2020-06-22 01:13:39.522122,0.1767359664297709,15,96,COMPLETE
195,195,0.9423516887248343,2020-06-22 01:13:39.535867,2020-06-22 01:38:47.669112,0.15869856163084597,15,99,COMPLETE
196,196,0.9439672822340853,2020-06-22 01:38:47.683767,2020-06-22 02:02:07.004854,0.1693026303116532,15,92,COMPLETE
197,197,0.9433301804048806,2020-06-22 02:02:07.026134,2020-06-22 02:26:40.446752,0.1692035022936836,15,97,COMPLETE
198,198,0.9399799700127819,2020-06-22 02:26:40.461664,2020-06-22 02:50:47.593280,0.16436214138698,15,95,COMPLETE
199,199,0.9432348591611912,2020-06-22 02:50:47.609820,2020-06-22 03:14:10.234019,0.1726189466609877,14,100,COMPLETE
